RAM Used   = 125/65536B (0.19%)
;INSTRUCTION COUNTER
;===================
ADC    ->0107
STA    ->0004
LDA    ->0004
ORA    ->0003
Inv    ->0003
RTI    ->0001
LDY    ->0001
JMP    ->0001
ASL    ->0001

;PROCEDURE LIST
;===================
;NAME                    USED   POSIITON IN SOURCE
;----------------------- ------ -------------------------------

;PROCEDURE DETAIL
;===================
------------------------------------
----- Main Program
------------------------------------
  Called Procedures:
    <none>

Max. Nesting = 1
